Using pre-set license
Built from '2020.3/staging' branch; Version is '2020.3.13f1 (71691879b7f5) revision 7432472'; Using compiler version '192528614'; Build Type 'Release'
OS: 'Windows 10 Pro; OS build 19044.1645; Version 2009; 64bit' Language: 'es' Physical Memory: 32707 MB
BatchMode: 1, IsHumanControllingUs: 0, StartBugReporterOnCrash: 0, Is64bit: 1, IsPro: 0

 COMMAND LINE ARGUMENTS:
D:\Unity\2020.3.13f1\Editor\Unity.exe
-adb2
-batchMode
-noUpm
-name
AssetImportWorker0
-projectPath
D:/Unity/My project
-logFile
Logs/AssetImportWorker0.log
-srvPort
52968
Successfully changed project path to: D:/Unity/My project
D:/Unity/My project
Using Asset Import Pipeline V2.
Refreshing native plugins compatible for Editor in 40.17 ms, found 4 plugins.
Preloading 0 native plugins for Editor in 0.00 ms.
Initialize engine version: 2020.3.13f1 (71691879b7f5)
[Subsystems] Discovering subsystems at path D:/Unity/2020.3.13f1/Editor/Data/Resources/UnitySubsystems
[Subsystems] Discovering subsystems at path D:/Unity/My project/Assets
GfxDevice: creating device client; threaded=0
Direct3D:
    Version:  Direct3D 11.0 [level 11.1]
    Renderer: NVIDIA GeForce RTX 2060 (ID=0x1f08)
    Vendor:   
    VRAM:     5980 MB
    Driver:   30.0.15.1259
Initialize mono
Mono path[0] = 'D:/Unity/2020.3.13f1/Editor/Data/Managed'
Mono path[1] = 'D:/Unity/2020.3.13f1/Editor/Data/MonoBleedingEdge/lib/mono/unityjit'
Mono config path = 'D:/Unity/2020.3.13f1/Editor/Data/MonoBleedingEdge/etc'
Using monoOptions --debugger-agent=transport=dt_socket,embedding=1,server=y,suspend=n,address=127.0.0.1:56904
Begin MonoManager ReloadAssembly
Registering precompiled unity dll's ...
Register platform support module: D:/Unity/2020.3.13f1/Editor/Data/PlaybackEngines/WindowsStandaloneSupport/UnityEditor.WindowsStandalone.Extensions.dll
Registered in 0.000932 seconds.
Native extension for WindowsStandalone target not found
Refreshing native plugins compatible for Editor in 29.05 ms, found 4 plugins.
Preloading 0 native plugins for Editor in 0.00 ms.
Mono: successfully reloaded assembly
- Completed reload, in  0.795 seconds
Platform modules already initialized, skipping
Registering precompiled user dll's ...
Registered in 0.003739 seconds.
Begin MonoManager ReloadAssembly
Native extension for WindowsStandalone target not found
Refreshing native plugins compatible for Editor in 0.63 ms, found 4 plugins.
Preloading 0 native plugins for Editor in 0.00 ms.
Mono: successfully reloaded assembly
- Completed reload, in  0.869 seconds
Platform modules already initialized, skipping
========================================================================
Worker process is ready to serve import requests
Launched and connected shader compiler UnityShaderCompiler.exe after 0.05 seconds
Refreshing native plugins compatible for Editor in 0.65 ms, found 4 plugins.
Preloading 0 native plugins for Editor in 0.00 ms.
Unloading 1572 Unused Serialized files (Serialized files now loaded: 0)
System memory in use before: 72.3 MB.
System memory in use after: 72.3 MB.

Unloading 74 unused Assets to reduce memory usage. Loaded Objects now: 1955.
Total: 2.161800 ms (FindLiveObjects: 0.267300 ms CreateObjectMapping: 0.061800 ms MarkObjects: 1.741200 ms  DeleteObjects: 0.090500 ms)

AssetImportParameters requested are different than current active one (requested -> active):
  custom:framework-win-MediaFoundation: 216162199b28c13a410421893ffa2e32 -> 
  custom:video-decoder-ogg-theora: a1e56fd34408186e4bbccfd4996cb3dc -> 
  custom:container-muxer-webm: aa71ff27fc2769a1b78a27578f13a17b -> 
  custom:container-demuxer-webm: 4f35f7cbe854078d1ac9338744f61a02 -> 
  custom:container-demuxer-ogg: 62fdf1f143b41e24485cea50d1cbac27 -> 
  custom:video-encoder-webm-vp8: eb34c28f22e8b96e1ab97ce403110664 -> 
  custom:video-decoder-webm-vp8: 9c59270c3fd7afecdb556c50c9e8de78 -> 
  custom:audio-decoder-ogg-vorbis: bf7c407c2cedff20999df2af8eb42d56 -> 
  custom:audio-encoder-webm-vorbis: bf7c407c2cedff20999df2af8eb42d56 -> 
========================================================================
Received Import Request.
  path: Assets/sprint3/sprint3.fspro
  artifactKey: Guid(1b021b075c9664673a2ea3a847fd927f) Importer(815301076,1909f56bfc062723c751e8b465ee728b)
Start importing Assets/sprint3/sprint3.fspro using Guid(1b021b075c9664673a2ea3a847fd927f) Importer(815301076,1909f56bfc062723c751e8b465ee728b)  -> (artifact id: '4b9301ac19a2a40198c59d29a3254356') in 0.038539 seconds 
  Import took 0.040694 seconds .

========================================================================
Received Import Request.
  Time since last request: 5.561722 seconds.
  path: Assets/sprint3/Assets
  artifactKey: Guid(44c44fee2750a4a2ca0d2eb2107c1706) Importer(815301076,1909f56bfc062723c751e8b465ee728b)
Start importing Assets/sprint3/Assets using Guid(44c44fee2750a4a2ca0d2eb2107c1706) Importer(815301076,1909f56bfc062723c751e8b465ee728b)  -> (artifact id: '75db615f3dd353795c93386ae847be7f') in 0.008318 seconds 
  Import took 0.051886 seconds .

========================================================================
Received Prepare
Refreshing native plugins compatible for Editor in 11.87 ms, found 4 plugins.
Preloading 0 native plugins for Editor in 0.00 ms.
Unloading 67 Unused Serialized files (Serialized files now loaded: 0)
System memory in use before: 42.3 MB.
System memory in use after: 42.4 MB.

Unloading 67 unused Assets to reduce memory usage. Loaded Objects now: 1955.
Total: 1.943500 ms (FindLiveObjects: 0.144100 ms CreateObjectMapping: 0.063900 ms MarkObjects: 1.681300 ms  DeleteObjects: 0.053300 ms)

AssetImportParameters requested are different than current active one (requested -> active):
  custom:framework-win-MediaFoundation: 216162199b28c13a410421893ffa2e32 -> 
  custom:video-decoder-ogg-theora: a1e56fd34408186e4bbccfd4996cb3dc -> 
  custom:container-muxer-webm: aa71ff27fc2769a1b78a27578f13a17b -> 
  custom:container-demuxer-webm: 4f35f7cbe854078d1ac9338744f61a02 -> 
  custom:container-demuxer-ogg: 62fdf1f143b41e24485cea50d1cbac27 -> 
  custom:video-encoder-webm-vp8: eb34c28f22e8b96e1ab97ce403110664 -> 
  custom:video-decoder-webm-vp8: 9c59270c3fd7afecdb556c50c9e8de78 -> 
  custom:audio-decoder-ogg-vorbis: bf7c407c2cedff20999df2af8eb42d56 -> 
  custom:audio-encoder-webm-vorbis: bf7c407c2cedff20999df2af8eb42d56 -> 
========================================================================
Received Prepare
Refreshing native plugins compatible for Editor in 10.83 ms, found 4 plugins.
Preloading 0 native plugins for Editor in 0.00 ms.
Unloading 67 Unused Serialized files (Serialized files now loaded: 0)
System memory in use before: 42.3 MB.
System memory in use after: 42.4 MB.

Unloading 67 unused Assets to reduce memory usage. Loaded Objects now: 1955.
Total: 2.136500 ms (FindLiveObjects: 0.153500 ms CreateObjectMapping: 0.051100 ms MarkObjects: 1.875100 ms  DeleteObjects: 0.056000 ms)

AssetImportParameters requested are different than current active one (requested -> active):
  custom:framework-win-MediaFoundation: 216162199b28c13a410421893ffa2e32 -> 
  custom:video-decoder-ogg-theora: a1e56fd34408186e4bbccfd4996cb3dc -> 
  custom:container-muxer-webm: aa71ff27fc2769a1b78a27578f13a17b -> 
  custom:container-demuxer-webm: 4f35f7cbe854078d1ac9338744f61a02 -> 
  custom:container-demuxer-ogg: 62fdf1f143b41e24485cea50d1cbac27 -> 
  custom:video-encoder-webm-vp8: eb34c28f22e8b96e1ab97ce403110664 -> 
  custom:video-decoder-webm-vp8: 9c59270c3fd7afecdb556c50c9e8de78 -> 
  custom:audio-decoder-ogg-vorbis: bf7c407c2cedff20999df2af8eb42d56 -> 
  custom:audio-encoder-webm-vorbis: bf7c407c2cedff20999df2af8eb42d56 -> 
========================================================================
Received Import Request.
  Time since last request: 192.919797 seconds.
  path: Assets/Plugins/FMOD/images/AddIcon.png
  artifactKey: Guid(3300e81f02e64924eb7cb7782713b126) Importer(815301076,1909f56bfc062723c751e8b465ee728b)
Start importing Assets/Plugins/FMOD/images/AddIcon.png using Guid(3300e81f02e64924eb7cb7782713b126) Importer(815301076,1909f56bfc062723c751e8b465ee728b)  -> (artifact id: 'b60025dbbc584c86df79e0ccfc4ebc7a') in 0.355721 seconds 
  Import took 0.416817 seconds .

========================================================================
Received Import Request.
  Time since last request: 0.000262 seconds.
  path: Assets/Plugins/FMOD/images/BrowserIcon.png
  artifactKey: Guid(c783b763d12874147876e070661b66ab) Importer(815301076,1909f56bfc062723c751e8b465ee728b)
Start importing Assets/Plugins/FMOD/images/BrowserIcon.png using Guid(c783b763d12874147876e070661b66ab) Importer(815301076,1909f56bfc062723c751e8b465ee728b)  -> (artifact id: '09c34bc37a2a6fb7eba34d11ac18e7f2') in 0.105938 seconds 
  Import took 0.108196 seconds .

========================================================================
Received Import Request.
  Time since last request: 0.000252 seconds.
  path: Assets/Resources/Sky/Cold Night/Cold Night Equirect.png
  artifactKey: Guid(97259d0c0ea9f491692be825da27978a) Importer(815301076,1909f56bfc062723c751e8b465ee728b)
Start importing Assets/Resources/Sky/Cold Night/Cold Night Equirect.png using Guid(97259d0c0ea9f491692be825da27978a) Importer(815301076,1909f56bfc062723c751e8b465ee728b)  -> (artifact id: 'a90f341a6a8fcc88fec02aa7f64468b5') in 0.407595 seconds 
  Import took 0.411240 seconds .

========================================================================
Received Import Request.
  Time since last request: 0.000260 seconds.
  path: Assets/Plugins/FMOD/images/Border.png
  artifactKey: Guid(40848578d1961334d820821bec6175a4) Importer(815301076,1909f56bfc062723c751e8b465ee728b)
Start importing Assets/Plugins/FMOD/images/Border.png using Guid(40848578d1961334d820821bec6175a4) Importer(815301076,1909f56bfc062723c751e8b465ee728b)  -> (artifact id: 'de5ed7328159594ca12da8b92650724d') in 0.054335 seconds 
  Import took 0.057265 seconds .

========================================================================
Received Import Request.
  Time since last request: 0.000558 seconds.
  path: Assets/Otros/Modelos de escenarios/Textures/C__Documents and Settings_Bluesdog_My Documents_SUModels_FloorPic_Marshall Logo.JPG
  artifactKey: Guid(5cbcb768cbd9d4a258918f157ad696c3) Importer(815301076,1909f56bfc062723c751e8b465ee728b)
Start importing Assets/Otros/Modelos de escenarios/Textures/C__Documents and Settings_Bluesdog_My Documents_SUModels_FloorPic_Marshall Logo.JPG using Guid(5cbcb768cbd9d4a258918f157ad696c3) Importer(815301076,1909f56bfc062723c751e8b465ee728b)  -> (artifact id: '695e0f2f435efb7e70995dc4b01f5af0') in 0.074112 seconds 
  Import took 0.090379 seconds .

========================================================================
Received Import Request.
  Time since last request: 0.000240 seconds.
  path: Assets/Plugins/FMOD/images/BankIcon.png
  artifactKey: Guid(a7e06068a7215854a84bf5ed8280ed15) Importer(815301076,1909f56bfc062723c751e8b465ee728b)
Start importing Assets/Plugins/FMOD/images/BankIcon.png using Guid(a7e06068a7215854a84bf5ed8280ed15) Importer(815301076,1909f56bfc062723c751e8b465ee728b)  -> (artifact id: '998f57fca9f27d6153328f4f656ffb9f') in 0.025887 seconds 
  Import took 0.027996 seconds .

========================================================================
Received Import Request.
  Time since last request: 0.000229 seconds.
  path: Assets/Resources/Sky/Cold Night/Cold Night__Cam_0_Front+Z.png
  artifactKey: Guid(aad96e1c2baf24d3499e2ea1426ab824) Importer(815301076,1909f56bfc062723c751e8b465ee728b)
Start importing Assets/Resources/Sky/Cold Night/Cold Night__Cam_0_Front+Z.png using Guid(aad96e1c2baf24d3499e2ea1426ab824) Importer(815301076,1909f56bfc062723c751e8b465ee728b)  -> (artifact id: '39cfb496024c2066473f410ee1124987') in 0.011824 seconds 
  Import took 0.014892 seconds .

========================================================================
Received Import Request.
  Time since last request: 0.000419 seconds.
  path: Assets/Plugins/FMOD/images/ArrowIcon.png
  artifactKey: Guid(01c0101f357b9da4ba78b8f58c290f86) Importer(815301076,1909f56bfc062723c751e8b465ee728b)
Start importing Assets/Plugins/FMOD/images/ArrowIcon.png using Guid(01c0101f357b9da4ba78b8f58c290f86) Importer(815301076,1909f56bfc062723c751e8b465ee728b)  -> (artifact id: '71c6111ae9ddd686f7b7e2bd24c80463') in 0.014538 seconds 
  Import took 0.017112 seconds .

========================================================================
Received Import Request.
  Time since last request: 0.011533 seconds.
  path: Assets/Resources/Sky/Cold Night/Cold Night__Cam_0_Front+Z.png
  artifactKey: Guid(aad96e1c2baf24d3499e2ea1426ab824) Importer(815301076,1909f56bfc062723c751e8b465ee728b)
Start importing Assets/Resources/Sky/Cold Night/Cold Night__Cam_0_Front+Z.png using Guid(aad96e1c2baf24d3499e2ea1426ab824) Importer(815301076,1909f56bfc062723c751e8b465ee728b)  -> (artifact id: '39cfb496024c2066473f410ee1124987') in 0.028767 seconds 
  Import took 0.031512 seconds .

========================================================================
Received Import Request.
  Time since last request: 1.126589 seconds.
  path: Assets/Resources/Sky/Cold Night/Cold Night__Cam_1_Back-Z.png
  artifactKey: Guid(7a03001a6d7c746a2a2467b3b3f51660) Importer(815301076,1909f56bfc062723c751e8b465ee728b)
Start importing Assets/Resources/Sky/Cold Night/Cold Night__Cam_1_Back-Z.png using Guid(7a03001a6d7c746a2a2467b3b3f51660) Importer(815301076,1909f56bfc062723c751e8b465ee728b)  -> (artifact id: '96ff59da51ff778076d551bb9f320d88') in 0.008809 seconds 
  Import took 0.050949 seconds .

========================================================================
Received Import Request.
  Time since last request: 0.000260 seconds.
  path: Assets/Resources/Sky/Cold Night/Cold Night__Cam_2_Left+X.png
  artifactKey: Guid(3aa922ca8577f4f66b8810ab41310933) Importer(815301076,1909f56bfc062723c751e8b465ee728b)
Start importing Assets/Resources/Sky/Cold Night/Cold Night__Cam_2_Left+X.png using Guid(3aa922ca8577f4f66b8810ab41310933) Importer(815301076,1909f56bfc062723c751e8b465ee728b)  -> (artifact id: '955e0968499cd69ace12727ddb5b07ed') in 0.012307 seconds 
  Import took 0.014656 seconds .

========================================================================
Received Import Request.
  Time since last request: 1.144130 seconds.
  path: Assets/Resources/Sky/Cold Night/Cold Night__Cam_3_Right-X.png
  artifactKey: Guid(2b201733d2df84602b3020984df58790) Importer(815301076,1909f56bfc062723c751e8b465ee728b)
Start importing Assets/Resources/Sky/Cold Night/Cold Night__Cam_3_Right-X.png using Guid(2b201733d2df84602b3020984df58790) Importer(815301076,1909f56bfc062723c751e8b465ee728b)  -> (artifact id: '7540052dc45695aa5e9f2616a230581d') in 0.009467 seconds 
  Import took 0.012246 seconds .

========================================================================
Received Import Request.
  Time since last request: 0.000255 seconds.
  path: Assets/Resources/Sky/Cold Night/Cold Night__Cam_4_Up+Y.png
  artifactKey: Guid(3d6928c404a7c46c3991bb1b73521d66) Importer(815301076,1909f56bfc062723c751e8b465ee728b)
Start importing Assets/Resources/Sky/Cold Night/Cold Night__Cam_4_Up+Y.png using Guid(3d6928c404a7c46c3991bb1b73521d66) Importer(815301076,1909f56bfc062723c751e8b465ee728b)  -> (artifact id: 'e8a2f1055cf5940d936f21be6a1e97a7') in 0.013018 seconds 
  Import took 0.015658 seconds .

========================================================================
Received Import Request.
  Time since last request: 0.061150 seconds.
  path: Assets/Resources/Sky/Cold Night/Cold Night__Cam_5_Down-Y.png
  artifactKey: Guid(8cab6aa3331da40e68754e2214ce08fa) Importer(815301076,1909f56bfc062723c751e8b465ee728b)
Start importing Assets/Resources/Sky/Cold Night/Cold Night__Cam_5_Down-Y.png using Guid(8cab6aa3331da40e68754e2214ce08fa) Importer(815301076,1909f56bfc062723c751e8b465ee728b)  -> (artifact id: '1a3fd6d6be063606b912e60ae8abbd6e') in 0.008347 seconds 
  Import took 0.010629 seconds .

========================================================================
Received Import Request.
  Time since last request: 0.000325 seconds.
  path: Assets/Plugins/FMOD/images/ContinuousParameterIcon.png
  artifactKey: Guid(b92803770616fc747bc3c40ffaec0a42) Importer(815301076,1909f56bfc062723c751e8b465ee728b)
Start importing Assets/Plugins/FMOD/images/ContinuousParameterIcon.png using Guid(b92803770616fc747bc3c40ffaec0a42) Importer(815301076,1909f56bfc062723c751e8b465ee728b)  -> (artifact id: '05ac8c54ea5a2e502a4275b81abc936f') in 0.042995 seconds 
  Import took 0.045167 seconds .

========================================================================
Received Import Request.
  Time since last request: 0.259424 seconds.
  path: Assets/Plugins/FMOD/images/CopyIcon.png
  artifactKey: Guid(6e164dcb85fc8ad4b9ab2f1e883862d2) Importer(815301076,1909f56bfc062723c751e8b465ee728b)
Start importing Assets/Plugins/FMOD/images/CopyIcon.png using Guid(6e164dcb85fc8ad4b9ab2f1e883862d2) Importer(815301076,1909f56bfc062723c751e8b465ee728b)  -> (artifact id: 'b1cf392c1594f0e5aae67251b68c305a') in 0.040634 seconds 
  Import took 0.043283 seconds .

========================================================================
Received Import Request.
  Time since last request: 0.000280 seconds.
  path: Assets/Plugins/FMOD/images/CrossYellow.png
  artifactKey: Guid(348d2265b48c67342a4db2a7062813fa) Importer(815301076,1909f56bfc062723c751e8b465ee728b)
Start importing Assets/Plugins/FMOD/images/CrossYellow.png using Guid(348d2265b48c67342a4db2a7062813fa) Importer(815301076,1909f56bfc062723c751e8b465ee728b)  -> (artifact id: '42f369b4b216edbe7ccce65e3a1ecf12') in 0.008436 seconds 
  Import took 0.049473 seconds .

========================================================================
Received Import Request.
  Time since last request: 4.282830 seconds.
  path: Assets/Plugins/FMOD/images/Delete.png
  artifactKey: Guid(196080340db65c44883dd3f599556fb9) Importer(815301076,1909f56bfc062723c751e8b465ee728b)
Start importing Assets/Plugins/FMOD/images/Delete.png using Guid(196080340db65c44883dd3f599556fb9) Importer(815301076,1909f56bfc062723c751e8b465ee728b)  -> (artifact id: '4f5a2e06d90f04943850a180d2fed377') in 0.048098 seconds 
  Import took 0.051053 seconds .

========================================================================
Received Import Request.
  Time since last request: 0.000265 seconds.
  path: Assets/Plugins/FMOD/images/DiscreteParameterIcon.png
  artifactKey: Guid(509563e7079a6ed4cbf3b3240327e702) Importer(815301076,1909f56bfc062723c751e8b465ee728b)
Start importing Assets/Plugins/FMOD/images/DiscreteParameterIcon.png using Guid(509563e7079a6ed4cbf3b3240327e702) Importer(815301076,1909f56bfc062723c751e8b465ee728b)  -> (artifact id: '14edff32e1c16f38845cdc13a370b667') in 0.029354 seconds 
  Import took 0.032096 seconds .

========================================================================
Received Import Request.
  Time since last request: 0.088686 seconds.
  path: Assets/Plugins/FMOD/images/EventIcon.png
  artifactKey: Guid(a602f206f9cb31f439c79a2fe23687c5) Importer(815301076,1909f56bfc062723c751e8b465ee728b)
Start importing Assets/Plugins/FMOD/images/EventIcon.png using Guid(a602f206f9cb31f439c79a2fe23687c5) Importer(815301076,1909f56bfc062723c751e8b465ee728b)  -> (artifact id: '7d109c93dbe3905ad24b221806fc0b38') in 0.024734 seconds 
  Import took 0.026993 seconds .

========================================================================
Received Import Request.
  Time since last request: 0.000244 seconds.
  path: Assets/Plugins/FMOD/images/FMODLogoBlack.png
  artifactKey: Guid(36e46b3c334e47e41a0b4ff2f26905ea) Importer(815301076,1909f56bfc062723c751e8b465ee728b)
Start importing Assets/Plugins/FMOD/images/FMODLogoBlack.png using Guid(36e46b3c334e47e41a0b4ff2f26905ea) Importer(815301076,1909f56bfc062723c751e8b465ee728b)  -> (artifact id: 'bec20849ec9fb4a233532f7dd7b08651') in 0.045937 seconds 
  Import took 0.087729 seconds .

========================================================================
Received Import Request.
  Time since last request: 0.000236 seconds.
  path: Assets/Plugins/FMOD/images/FolderIconClosed.png
  artifactKey: Guid(70efeb6d97126f843b30b8ed62d18a4f) Importer(815301076,1909f56bfc062723c751e8b465ee728b)
Start importing Assets/Plugins/FMOD/images/FolderIconClosed.png using Guid(70efeb6d97126f843b30b8ed62d18a4f) Importer(815301076,1909f56bfc062723c751e8b465ee728b)  -> (artifact id: '5c4653bf76dd2cd9d49f8d0f5ebb65e8') in 0.046173 seconds 
  Import took 0.048538 seconds .

========================================================================
Received Import Request.
  Time since last request: 0.000260 seconds.
  path: Assets/Plugins/FMOD/images/FMODLogoWhite.png
  artifactKey: Guid(8fd8ccb8d7e81d943b28ea7975c7185d) Importer(815301076,1909f56bfc062723c751e8b465ee728b)
Start importing Assets/Plugins/FMOD/images/FMODLogoWhite.png using Guid(8fd8ccb8d7e81d943b28ea7975c7185d) Importer(815301076,1909f56bfc062723c751e8b465ee728b)  -> (artifact id: 'b392102e876f453a493c18cb0b1b7d3f') in 0.008016 seconds 
  Import took 0.010394 seconds .

========================================================================
Received Import Request.
  Time since last request: 0.058613 seconds.
  path: Assets/Plugins/FMOD/images/FolderIconOpen.png
  artifactKey: Guid(d2b54e4f7f80b9448a41d3c5985f5672) Importer(815301076,1909f56bfc062723c751e8b465ee728b)
Start importing Assets/Plugins/FMOD/images/FolderIconOpen.png using Guid(d2b54e4f7f80b9448a41d3c5985f5672) Importer(815301076,1909f56bfc062723c751e8b465ee728b)  -> (artifact id: '9e408e322ee7db1120b2540f35332f2d') in 0.021440 seconds 
  Import took 0.023892 seconds .

========================================================================
Received Import Request.
  Time since last request: 0.000281 seconds.
  path: Assets/Resources/Gobos/gobo4.png
  artifactKey: Guid(13db05b770f2602468eac8772184ce8e) Importer(815301076,1909f56bfc062723c751e8b465ee728b)
Start importing Assets/Resources/Gobos/gobo4.png using Guid(13db05b770f2602468eac8772184ce8e) Importer(815301076,1909f56bfc062723c751e8b465ee728b)  -> (artifact id: 'c97e32bdb3f732814f0d2344708d2ed9') in 0.011394 seconds 
  Import took 0.013589 seconds .

========================================================================
Received Import Request.
  Time since last request: 0.000194 seconds.
  path: Assets/Resources/Gobos/iris.png
  artifactKey: Guid(fa24a457eee6e5c4fad35d096fa88f21) Importer(815301076,1909f56bfc062723c751e8b465ee728b)
Start importing Assets/Resources/Gobos/iris.png using Guid(fa24a457eee6e5c4fad35d096fa88f21) Importer(815301076,1909f56bfc062723c751e8b465ee728b)  -> (artifact id: '8f69ea9cbe7c38e0787dea195b77dfcd') in 0.008638 seconds 
  Import took 0.011274 seconds .

========================================================================
Received Import Request.
  Time since last request: 0.000299 seconds.
  path: Assets/Resources/Gobos/gobo1.png
  artifactKey: Guid(c7fad7b0ee4c8fd42ae9a126e911f35c) Importer(815301076,1909f56bfc062723c751e8b465ee728b)
Start importing Assets/Resources/Gobos/gobo1.png using Guid(c7fad7b0ee4c8fd42ae9a126e911f35c) Importer(815301076,1909f56bfc062723c751e8b465ee728b)  -> (artifact id: '4d25353fbb12ea964e6b6352f8cd576d') in 0.010678 seconds 
  Import took 0.013130 seconds .

========================================================================
Received Import Request.
  Time since last request: 0.000295 seconds.
  path: Assets/Otros/TextMesh Pro/Fonts/LiberationSans.ttf
  artifactKey: Guid(e3265ab4bf004d28a9537516768c1c75) Importer(815301076,1909f56bfc062723c751e8b465ee728b)
Start importing Assets/Otros/TextMesh Pro/Fonts/LiberationSans.ttf using Guid(e3265ab4bf004d28a9537516768c1c75) Importer(815301076,1909f56bfc062723c751e8b465ee728b)  -> (artifact id: 'bdddd331c3f1b7826858a8d92db67e39') in 0.050723 seconds 
  Import took 0.053013 seconds .

========================================================================
Received Import Request.
  Time since last request: 0.000186 seconds.
  path: Assets/Resources/Gobos/gobo3.png
  artifactKey: Guid(b304be3f24f019449a8ec1e5c05addda) Importer(815301076,1909f56bfc062723c751e8b465ee728b)
Start importing Assets/Resources/Gobos/gobo3.png using Guid(b304be3f24f019449a8ec1e5c05addda) Importer(815301076,1909f56bfc062723c751e8b465ee728b)  -> (artifact id: '1c4c9357c4ab17efdea36e84f8d3df81') in 0.009031 seconds 
  Import took 0.011743 seconds .

========================================================================
Received Import Request.
  Time since last request: 0.000251 seconds.
  path: Assets/Plugins/FMOD/images/LevelMeter.png
  artifactKey: Guid(21e7a3d41a926364a8b9a6704ebe80d8) Importer(815301076,1909f56bfc062723c751e8b465ee728b)
Start importing Assets/Plugins/FMOD/images/LevelMeter.png using Guid(21e7a3d41a926364a8b9a6704ebe80d8) Importer(815301076,1909f56bfc062723c751e8b465ee728b)  -> (artifact id: '45c295964643c4a2f2e2637acef1492e') in 0.029152 seconds 
  Import took 0.032462 seconds .

========================================================================
Received Import Request.
  Time since last request: 0.000262 seconds.
  path: Assets/Plugins/FMOD/images/LabeledParameterIcon.png
  artifactKey: Guid(b4d696e5c0be6f44bb2f02aa41320656) Importer(815301076,1909f56bfc062723c751e8b465ee728b)
Start importing Assets/Plugins/FMOD/images/LabeledParameterIcon.png using Guid(b4d696e5c0be6f44bb2f02aa41320656) Importer(815301076,1909f56bfc062723c751e8b465ee728b)  -> (artifact id: '14371a10a22d75228f72a257487753e6') in 0.028465 seconds 
  Import took 0.031317 seconds .

========================================================================
Received Import Request.
  Time since last request: 0.032725 seconds.
  path: Assets/Plugins/FMOD/images/LevelMeterOff.png
  artifactKey: Guid(48dc5470d93f669419f294fcd33f7b7c) Importer(815301076,1909f56bfc062723c751e8b465ee728b)
Start importing Assets/Plugins/FMOD/images/LevelMeterOff.png using Guid(48dc5470d93f669419f294fcd33f7b7c) Importer(815301076,1909f56bfc062723c751e8b465ee728b)  -> (artifact id: 'e852fcae505a40530a42e3d00318caff') in 0.053594 seconds 
  Import took 0.055838 seconds .

========================================================================
Received Import Request.
  Time since last request: 0.000243 seconds.
  path: Assets/Otros/TextMesh Pro/Resources/Fonts & Materials/LiberationSans SDF - Fallback.asset
  artifactKey: Guid(2e498d1c8094910479dc3e1b768306a4) Importer(815301076,1909f56bfc062723c751e8b465ee728b)
Start importing Assets/Otros/TextMesh Pro/Resources/Fonts & Materials/LiberationSans SDF - Fallback.asset using Guid(2e498d1c8094910479dc3e1b768306a4) Importer(815301076,1909f56bfc062723c751e8b465ee728b)  -> (artifact id: 'b8c2210586957436df79bf961aeff06e') in 0.054442 seconds 
  Import took 0.056652 seconds .

========================================================================
Received Import Request.
  Time since last request: 0.000291 seconds.
  path: Assets/Resources/Gobos/profileMulti1.png
  artifactKey: Guid(a97d1d7fd95cd4b228549bae2bfe983a) Importer(815301076,1909f56bfc062723c751e8b465ee728b)
Start importing Assets/Resources/Gobos/profileMulti1.png using Guid(a97d1d7fd95cd4b228549bae2bfe983a) Importer(815301076,1909f56bfc062723c751e8b465ee728b)  -> (artifact id: 'e6356d86c8470085278efc6b0f0f6861') in 0.009321 seconds 
  Import took 0.011643 seconds .

========================================================================
Received Import Request.
  Time since last request: 0.000434 seconds.
  path: Assets/Fog/ParticleCloudWhite.png
  artifactKey: Guid(343c21e8769de8b4a945700540d8a455) Importer(815301076,1909f56bfc062723c751e8b465ee728b)
Start importing Assets/Fog/ParticleCloudWhite.png using Guid(343c21e8769de8b4a945700540d8a455) Importer(815301076,1909f56bfc062723c751e8b465ee728b)  -> (artifact id: '14241ddfc40d20b0827e6643de7a1017') in 0.010285 seconds 
  Import took 0.012832 seconds .

========================================================================
Received Import Request.
  Time since last request: 0.000226 seconds.
  path: Assets/Resources/Gobos/profileMulti2.png
  artifactKey: Guid(67ee4074477cb4b869be8660df47e1f9) Importer(815301076,1909f56bfc062723c751e8b465ee728b)
Start importing Assets/Resources/Gobos/profileMulti2.png using Guid(67ee4074477cb4b869be8660df47e1f9) Importer(815301076,1909f56bfc062723c751e8b465ee728b)  -> (artifact id: 'ec263edf0dab8b8ea941b74b3646d47d') in 0.008804 seconds 
  Import took 0.011297 seconds .

========================================================================
Received Import Request.
  Time since last request: 0.000173 seconds.
  path: Assets/Plugins/FMOD/images/NotFound.png
  artifactKey: Guid(1138ab068176f29499337d7a73dfecd9) Importer(815301076,1909f56bfc062723c751e8b465ee728b)
Start importing Assets/Plugins/FMOD/images/NotFound.png using Guid(1138ab068176f29499337d7a73dfecd9) Importer(815301076,1909f56bfc062723c751e8b465ee728b)  -> (artifact id: 'e5b3853d6f0dca4fbf3d5d8c5da40c6f') in 0.031421 seconds 
  Import took 0.033729 seconds .

========================================================================
Received Import Request.
  Time since last request: 0.000190 seconds.
  path: Assets/Plugins/FMOD/images/Preview.png
  artifactKey: Guid(0793eda432fc5df4ab1291e6baacd771) Importer(815301076,1909f56bfc062723c751e8b465ee728b)
Start importing Assets/Plugins/FMOD/images/Preview.png using Guid(0793eda432fc5df4ab1291e6baacd771) Importer(815301076,1909f56bfc062723c751e8b465ee728b)  -> (artifact id: '8e7cfea0d9487624939aae1b73f4ffa0') in 0.046745 seconds 
  Import took 0.049090 seconds .

========================================================================
Received Import Request.
  Time since last request: 0.000165 seconds.
  path: Assets/Resources/Gobos/profileMulti7.png
  artifactKey: Guid(8fe52ce7b12a149fa9d6df4fb67d56de) Importer(815301076,1909f56bfc062723c751e8b465ee728b)
Start importing Assets/Resources/Gobos/profileMulti7.png using Guid(8fe52ce7b12a149fa9d6df4fb67d56de) Importer(815301076,1909f56bfc062723c751e8b465ee728b)  -> (artifact id: 'accd26e17f18180a254f0e2b12417613') in 0.009184 seconds 
  Import took 0.011719 seconds .

========================================================================
Received Import Request.
  Time since last request: 0.000196 seconds.
  path: Assets/Resources/Gobos/profileMulti6.png
  artifactKey: Guid(a307a0d40dfa54482b0ea3943a3c8a95) Importer(815301076,1909f56bfc062723c751e8b465ee728b)
Start importing Assets/Resources/Gobos/profileMulti6.png using Guid(a307a0d40dfa54482b0ea3943a3c8a95) Importer(815301076,1909f56bfc062723c751e8b465ee728b)  -> (artifact id: '41bb08e329576a3df412223f34e82ab6') in 0.008953 seconds 
  Import took 0.011268 seconds .

========================================================================
Received Import Request.
  Time since last request: 0.000305 seconds.
  path: Assets/Plugins/FMOD/images/PreviewEmitter.png
  artifactKey: Guid(9519043db3741934fa01455c47683e8c) Importer(815301076,1909f56bfc062723c751e8b465ee728b)
Start importing Assets/Plugins/FMOD/images/PreviewEmitter.png using Guid(9519043db3741934fa01455c47683e8c) Importer(815301076,1909f56bfc062723c751e8b465ee728b)  -> (artifact id: '2d25514286b7c7c48568060f64ffba36') in 0.024073 seconds 
  Import took 0.026468 seconds .

========================================================================
Received Import Request.
  Time since last request: 0.000197 seconds.
  path: Assets/Plugins/FMOD/images/LevelMeterOff.png
  artifactKey: Guid(48dc5470d93f669419f294fcd33f7b7c) Importer(815301076,1909f56bfc062723c751e8b465ee728b)
Start importing Assets/Plugins/FMOD/images/LevelMeterOff.png using Guid(48dc5470d93f669419f294fcd33f7b7c) Importer(815301076,1909f56bfc062723c751e8b465ee728b)  -> (artifact id: 'e852fcae505a40530a42e3d00318caff') in 0.004546 seconds 
  Import took 0.006961 seconds .

========================================================================
Received Import Request.
  Time since last request: 0.000230 seconds.
  path: Assets/Otros/TextMesh Pro/Resources/Fonts & Materials/LiberationSans SDF.asset
  artifactKey: Guid(8f586378b4e144a9851e7b34d9b748ee) Importer(815301076,1909f56bfc062723c751e8b465ee728b)
Start importing Assets/Otros/TextMesh Pro/Resources/Fonts & Materials/LiberationSans SDF.asset using Guid(8f586378b4e144a9851e7b34d9b748ee) Importer(815301076,1909f56bfc062723c751e8b465ee728b)  -> (artifact id: 'f1280cc7be10b532b2897fc8654f95d3') in 0.034557 seconds 
  Import took 0.037439 seconds .

========================================================================
Received Import Request.
  Time since last request: 0.000217 seconds.
  path: Assets/Resources/Gobos/profileMulti5.png
  artifactKey: Guid(f0852f269bc6a48ae84a51587932f9c8) Importer(815301076,1909f56bfc062723c751e8b465ee728b)
Start importing Assets/Resources/Gobos/profileMulti5.png using Guid(f0852f269bc6a48ae84a51587932f9c8) Importer(815301076,1909f56bfc062723c751e8b465ee728b)  -> (artifact id: 'c6fa1b4b2cb8dd9ccf9a194fc3c91800') in 0.012308 seconds 
  Import took 0.014747 seconds .

========================================================================
Received Import Request.
  Time since last request: 0.000212 seconds.
  path: Assets/Resources/Gobos/profileMulti3.png
  artifactKey: Guid(5efa687105107485eb2e33c6566b5ac3) Importer(815301076,1909f56bfc062723c751e8b465ee728b)
Start importing Assets/Resources/Gobos/profileMulti3.png using Guid(5efa687105107485eb2e33c6566b5ac3) Importer(815301076,1909f56bfc062723c751e8b465ee728b)  -> (artifact id: 'b6459a29aaf0eb4f95c3e9336a5b5db4') in 0.009461 seconds 
  Import took 0.011781 seconds .

========================================================================
Received Import Request.
  Time since last request: 0.000157 seconds.
  path: Assets/Resources/Gobos/profileMulti8.png
  artifactKey: Guid(c9471a8f4f9f2455381b9147e70f1dcb) Importer(815301076,1909f56bfc062723c751e8b465ee728b)
Start importing Assets/Resources/Gobos/profileMulti8.png using Guid(c9471a8f4f9f2455381b9147e70f1dcb) Importer(815301076,1909f56bfc062723c751e8b465ee728b)  -> (artifact id: '989556d7ed43b77e54d6617fe6f920fb') in 0.010050 seconds 
  Import took 0.012487 seconds .

========================================================================
Received Import Request.
  Time since last request: 0.000155 seconds.
  path: Assets/Resources/Gobos/profileMulti4.png
  artifactKey: Guid(37ae192d699bc4b538f8bf01079d304d) Importer(815301076,1909f56bfc062723c751e8b465ee728b)
Start importing Assets/Resources/Gobos/profileMulti4.png using Guid(37ae192d699bc4b538f8bf01079d304d) Importer(815301076,1909f56bfc062723c751e8b465ee728b)  -> (artifact id: '5f2947d3b6f71f1539a765665d27cc03') in 0.008437 seconds 
  Import took 0.010778 seconds .

========================================================================
Received Import Request.
  Time since last request: 0.000160 seconds.
  path: Assets/Resources/Gobos/profileMulti9.png
  artifactKey: Guid(7e401740eb4274832a346a21e03e137e) Importer(815301076,1909f56bfc062723c751e8b465ee728b)
Start importing Assets/Resources/Gobos/profileMulti9.png using Guid(7e401740eb4274832a346a21e03e137e) Importer(815301076,1909f56bfc062723c751e8b465ee728b)  -> (artifact id: '42e51202c101eb9ae9a78d340739567d') in 0.011785 seconds 
  Import took 0.014204 seconds .

========================================================================
Received Import Request.
  Time since last request: 0.000191 seconds.
  path: Assets/Resources/Gobos/profileMulti4.png
  artifactKey: Guid(37ae192d699bc4b538f8bf01079d304d) Importer(815301076,1909f56bfc062723c751e8b465ee728b)
Start importing Assets/Resources/Gobos/profileMulti4.png using Guid(37ae192d699bc4b538f8bf01079d304d) Importer(815301076,1909f56bfc062723c751e8b465ee728b)  -> (artifact id: '5f2947d3b6f71f1539a765665d27cc03') in 0.044729 seconds 
  Import took 0.047364 seconds .

========================================================================
Received Import Request.
  Time since last request: 0.000193 seconds.
  path: Assets/Resources/Gobos/profileMulti9.png
  artifactKey: Guid(7e401740eb4274832a346a21e03e137e) Importer(815301076,1909f56bfc062723c751e8b465ee728b)
Start importing Assets/Resources/Gobos/profileMulti9.png using Guid(7e401740eb4274832a346a21e03e137e) Importer(815301076,1909f56bfc062723c751e8b465ee728b)  -> (artifact id: '42e51202c101eb9ae9a78d340739567d') in 0.007104 seconds 
  Import took 0.009453 seconds .

========================================================================
Received Import Request.
  Time since last request: 22.509259 seconds.
  path: Assets/Otros/logo.png
  artifactKey: Guid(d10d834848a983742a163e750b7bb54b) Importer(815301076,1909f56bfc062723c751e8b465ee728b)
Start importing Assets/Otros/logo.png using Guid(d10d834848a983742a163e750b7bb54b) Importer(815301076,1909f56bfc062723c751e8b465ee728b)  -> (artifact id: '6efe88a838c6655a9cbecd6a4c7fa839') in 0.028319 seconds 
  Import took 0.031044 seconds .

========================================================================
Received Import Request.
  Time since last request: 0.001170 seconds.
  path: Assets/Otros/logo.png
  artifactKey: Guid(d10d834848a983742a163e750b7bb54b) Importer(815301076,1909f56bfc062723c751e8b465ee728b)
Start importing Assets/Otros/logo.png using Guid(d10d834848a983742a163e750b7bb54b) Importer(815301076,1909f56bfc062723c751e8b465ee728b)  -> (artifact id: '6efe88a838c6655a9cbecd6a4c7fa839') in 0.005067 seconds 
  Import took 0.007661 seconds .

========================================================================
Received Import Request.
  Time since last request: 97.369633 seconds.
  path: Assets/Otros/logo.png
  artifactKey: Guid(d10d834848a983742a163e750b7bb54b) Importer(815301076,1909f56bfc062723c751e8b465ee728b)
Start importing Assets/Otros/logo.png using Guid(d10d834848a983742a163e750b7bb54b) Importer(815301076,1909f56bfc062723c751e8b465ee728b)  -> (artifact id: '9eedee9c46327edddf6fd782cf23c626') in 0.038314 seconds 
  Import took 0.041083 seconds .

========================================================================
Received Import Request.
  Time since last request: 0.003576 seconds.
  path: Assets/Otros/logo.png
  artifactKey: Guid(d10d834848a983742a163e750b7bb54b) Importer(815301076,1909f56bfc062723c751e8b465ee728b)
Start importing Assets/Otros/logo.png using Guid(d10d834848a983742a163e750b7bb54b) Importer(815301076,1909f56bfc062723c751e8b465ee728b)  -> (artifact id: '9eedee9c46327edddf6fd782cf23c626') in 0.026197 seconds 
  Import took 0.028556 seconds .

========================================================================
Received Prepare
Refreshing native plugins compatible for Editor in 11.48 ms, found 4 plugins.
Preloading 0 native plugins for Editor in 0.00 ms.
Unloading 67 Unused Serialized files (Serialized files now loaded: 0)
System memory in use before: 46.7 MB.
System memory in use after: 46.8 MB.

Unloading 67 unused Assets to reduce memory usage. Loaded Objects now: 2013.
Total: 2.674200 ms (FindLiveObjects: 0.176200 ms CreateObjectMapping: 0.055800 ms MarkObjects: 2.379000 ms  DeleteObjects: 0.062100 ms)

AssetImportParameters requested are different than current active one (requested -> active):
  custom:framework-win-MediaFoundation: 216162199b28c13a410421893ffa2e32 -> 
  custom:video-decoder-ogg-theora: a1e56fd34408186e4bbccfd4996cb3dc -> 
  custom:container-muxer-webm: aa71ff27fc2769a1b78a27578f13a17b -> 
  custom:container-demuxer-webm: 4f35f7cbe854078d1ac9338744f61a02 -> 
  custom:container-demuxer-ogg: 62fdf1f143b41e24485cea50d1cbac27 -> 
  custom:video-encoder-webm-vp8: eb34c28f22e8b96e1ab97ce403110664 -> 
  custom:video-decoder-webm-vp8: 9c59270c3fd7afecdb556c50c9e8de78 -> 
  custom:audio-decoder-ogg-vorbis: bf7c407c2cedff20999df2af8eb42d56 -> 
  custom:audio-encoder-webm-vorbis: bf7c407c2cedff20999df2af8eb42d56 -> 
========================================================================
Received Import Request.
  Time since last request: 168.712928 seconds.
  path: Assets/Otros/Modelos de escenarios
  artifactKey: Guid(113474d47d07d48868c964f3ef715ce5) Importer(815301076,1909f56bfc062723c751e8b465ee728b)
Start importing Assets/Otros/Modelos de escenarios using Guid(113474d47d07d48868c964f3ef715ce5) Importer(815301076,1909f56bfc062723c751e8b465ee728b)  -> (artifact id: '52307713af102ac04f0f9df26160645a') in 0.006662 seconds 
  Import took 0.009928 seconds .

========================================================================
Received Import Request.
  Time since last request: 1.660887 seconds.
  path: Assets/Otros/TextMesh Pro
  artifactKey: Guid(150d0dfab6a2e46b6a64893b307103b2) Importer(815301076,1909f56bfc062723c751e8b465ee728b)
Start importing Assets/Otros/TextMesh Pro using Guid(150d0dfab6a2e46b6a64893b307103b2) Importer(815301076,1909f56bfc062723c751e8b465ee728b)  -> (artifact id: '0caba2f1814a243358dde632f45bb756') in 0.005055 seconds 
  Import took 0.007797 seconds .

========================================================================
Received Import Request.
  Time since last request: 0.000390 seconds.
  path: Assets/Otros/TextMesh Pro
  artifactKey: Guid(150d0dfab6a2e46b6a64893b307103b2) Importer(815301076,1909f56bfc062723c751e8b465ee728b)
Start importing Assets/Otros/TextMesh Pro using Guid(150d0dfab6a2e46b6a64893b307103b2) Importer(815301076,1909f56bfc062723c751e8b465ee728b)  -> (artifact id: '0caba2f1814a243358dde632f45bb756') in 0.001394 seconds 
  Import took 0.003876 seconds .

========================================================================
Received Import Request.
  Time since last request: 0.989777 seconds.
  path: Assets/Otros/Materiales
  artifactKey: Guid(3d065323f04df48dcbe4a69e397b6e08) Importer(815301076,1909f56bfc062723c751e8b465ee728b)
Start importing Assets/Otros/Materiales using Guid(3d065323f04df48dcbe4a69e397b6e08) Importer(815301076,1909f56bfc062723c751e8b465ee728b)  -> (artifact id: 'e0d518b32b16a32f85cb9983acf27c8d') in 0.007542 seconds 
  Import took 0.010013 seconds .

AssetImportWorkerClient::OnTransportError - code=2 error=End of file
